Build started 2018/5/9 18:49:57.
     1>Project "C:\Users\FY\documents\visual studio 2010\Projects\leetcode\leetcode\leetcode.vcxproj" on node 2 (build target(s)).
     1>InitializeBuildStatus:
         Creating "Debug\leetcode.unsuccessfulbuild" because "AlwaysCreate" was specified.
       ClCompile:
         D:\Program Files (x86)\Microsoft Visual Studio 10.0\VC\bin\CL.exe /c /ZI /nologo /W3 /WX- /Od /Oy- /D WIN32 /D _DEBUG /D _CONSOLE /D _UNICODE /D UNICODE /Gm /EHsc /RTC1 /MDd /GS /fp:precise /Zc:wchar_t /Zc:forScope /Fo"Debug\\" /Fd"Debug\vc100.pdb" /Gd /TP /analyze- /errorReport:prompt "demo18_single-number-ii.cpp"
         demo18_single-number-ii.cpp
       ManifestResourceCompile:
         All outputs are up-to-date.
       Link:
         D:\Program Files (x86)\Microsoft Visual Studio 10.0\VC\bin\link.exe /ERRORREPORT:PROMPT /OUT:"C:\Users\FY\documents\visual studio 2010\Projects\leetcode\Debug\leetcode.exe" /INCREMENTAL /NOLOGO kernel32.lib user32.lib gdi32.lib winspool.lib comdlg32.lib advapi32.lib shell32.lib ole32.lib oleaut32.lib uuid.lib odbc32.lib odbccp32.lib /MANIFEST /ManifestFile:"Debug\leetcode.exe.intermediate.manifest" /MANIFESTUAC:"level='asInvoker' uiAccess='false'" /DEBUG /PDB:"C:\Users\FY\documents\visual studio 2010\Projects\leetcode\Debug\leetcode.pdb" /SUBSYSTEM:CONSOLE /TLBID:1 /DYNAMICBASE /NXCOMPAT /IMPLIB:"C:\Users\FY\documents\visual studio 2010\Projects\leetcode\Debug\leetcode.lib" /MACHINE:X86 Debug\leetcode.exe.embed.manifest.res
         "Debug\demo01_sort-list.obj"
         "Debug\demo02_reverse-integer.obj"
         "Debug\demo03_single-number.obj"
         "Debug\demo04_best-time-to-buy-and-sell-stock-ii.obj"
         "Debug\demo05_container-with-most-water.obj"
         "Debug\demo06_integer-to-roman.obj"
         "Debug\demo07_linked-list-cycle.obj"
         "Debug\demo08_populating-next-right-pointers-in-each-node.obj"
         "Debug\demo09_palindrome-number.obj"
         "Debug\demo10_unique-binary-search-trees.obj"
         "Debug\demo11_maximum-subarray.obj"
         "Debug\demo12_best-time-to-buy-and-sell-stock.obj"
         "Debug\demo13_rotate-image.obj"
         "Debug\demo14_search-insert-position.obj"
         "Debug\demo15_climbing-stairs.obj"
         "Debug\demo16_balanced-binary-tree.obj"
         "Debug\demo17_binary-inorder-traversal.obj"
         "Debug\demo18_single-number-ii.obj"
       Manifest:
         C:\Program Files (x86)\Microsoft SDKs\Windows\v7.0A\bin\mt.exe /nologo /verbose /out:"Debug\leetcode.exe.embed.manifest" /manifest Debug\leetcode.exe.intermediate.manifest
         All outputs are up-to-date.
       LinkEmbedManifest:
         All outputs are up-to-date.
         leetcode.vcxproj -> C:\Users\FY\documents\visual studio 2010\Projects\leetcode\Debug\leetcode.exe
       FinalizeBuildStatus:
         Deleting file "Debug\leetcode.unsuccessfulbuild".
         Touching "Debug\leetcode.lastbuildstate".
     1>Done Building Project "C:\Users\FY\documents\visual studio 2010\Projects\leetcode\leetcode\leetcode.vcxproj" (build target(s)).

Build succeeded.

Time Elapsed 00:00:03.09
